<?xml version="1.0" encoding="UTF-8"?>
<!-- Generated by org.testng.reporters.JUnitXMLReporter -->
<testsuite hostname="Infva05450" ignored="0" name="Default test" tests="3" failures="0" timestamp="25 Jan 2019 15:30:10 GMT" time="206.03" errors="0">
  <testcase name="roundTripSearch" time="5.392" classname="integration.RoundTripAndPaymentIntegration"/>
  <testcase name="bookRoundTrip" time="52.5" classname="integration.RoundTripAndPaymentIntegration"/>
  <testcase name="payment2Test" time="129.183" classname="integration.RoundTripAndPaymentIntegration"/>
</testsuite> <!-- Default test -->
