<?xml version="1.0" encoding="UTF-8"?>
<testng-results skipped="0" failed="0" ignored="0" total="3" passed="3">
  <reporter-output>
  </reporter-output>
  <suite name="Default suite" duration-ms="206030" started-at="2019-01-25T15:26:43Z" finished-at="2019-01-25T15:30:10Z">
    <groups>
    </groups>
    <test name="Default test" duration-ms="206030" started-at="2019-01-25T15:26:43Z" finished-at="2019-01-25T15:30:10Z">
      <class name="integration.RoundTripAndPaymentIntegration">
        <test-method status="PASS" signature="beforeTest()[pri:0, instance:integration.RoundTripAndPaymentIntegration@75f32542]" name="beforeTest" is-config="true" duration-ms="18761" started-at="2019-01-25T20:56:44Z" finished-at="2019-01-25T20:57:02Z">
          <reporter-output>
          </reporter-output>
        </test-method> <!-- beforeTest -->
        <test-method status="PASS" signature="roundTripSearch(java.lang.String, java.lang.String, java.lang.String, java.lang.String, java.lang.String, java.lang.String, java.lang.String)[pri:1, instance:integration.RoundTripAndPaymentIntegration@75f32542]" name="roundTripSearch" duration-ms="5392" started-at="2019-01-25T20:57:02Z" data-provider="roundTripData" finished-at="2019-01-25T20:57:08Z">
          <params>
            <param index="0">
              <value>
                <![CDATA[   Mumbai]]>
              </value>
            </param>
            <param index="1">
              <value>
                <![CDATA[   New Delhi]]>
              </value>
            </param>
            <param index="2">
              <value>
                <![CDATA[   Mon, 25 Mar, 2019]]>
              </value>
            </param>
            <param index="3">
              <value>
                <![CDATA[   Sun, 5 May, 2019]]>
              </value>
            </param>
            <param index="4">
              <value>
                <![CDATA[1]]>
              </value>
            </param>
            <param index="5">
              <value>
                <![CDATA[1]]>
              </value>
            </param>
            <param index="6">
              <value>
                <![CDATA[0]]>
              </value>
            </param>
          </params>
          <reporter-output>
          </reporter-output>
        </test-method> <!-- roundTripSearch -->
        <test-method status="PASS" signature="bookRoundTrip()[pri:2, instance:integration.RoundTripAndPaymentIntegration@75f32542]" name="bookRoundTrip" duration-ms="52500" started-at="2019-01-25T20:57:08Z" depends-on-methods="integration.RoundTripAndPaymentIntegration.roundTripSearch" finished-at="2019-01-25T20:58:00Z">
          <reporter-output>
          </reporter-output>
        </test-method> <!-- bookRoundTrip -->
        <test-method status="PASS" signature="payment2Test(java.lang.String, java.lang.String, java.lang.String, java.lang.String, java.lang.String, java.lang.String, java.lang.String, java.lang.String, java.lang.String, java.lang.String, java.lang.String, java.lang.String, java.lang.String, java.lang.String, java.lang.String, java.lang.String, java.lang.String, java.lang.String, java.lang.String, java.lang.String, java.lang.String, java.lang.String, java.lang.String, java.lang.String, java.lang.String, java.lang.String)[pri:3, instance:integration.RoundTripAndPaymentIntegration@75f32542]" name="payment2Test" duration-ms="129183" started-at="2019-01-25T20:58:00Z" data-provider="guestUserBooking" depends-on-methods="integration.RoundTripAndPaymentIntegration.bookRoundTrip" finished-at="2019-01-25T21:00:10Z">
          <params>
            <param index="0">
              <value>
                <![CDATA[a@b.com]]>
              </value>
            </param>
            <param index="1">
              <value>
                <![CDATA[Mrs]]>
              </value>
            </param>
            <param index="2">
              <value>
                <![CDATA[abc]]>
              </value>
            </param>
            <param index="3">
              <value>
                <![CDATA[xyz]]>
              </value>
            </param>
            <param index="4">
              <value>
                <![CDATA[19]]>
              </value>
            </param>
            <param index="5">
              <value>
                <![CDATA[Jun]]>
              </value>
            </param>
            <param index="6">
              <value>
                <![CDATA[1997]]>
              </value>
            </param>
            <param index="7">
              <value>
                <![CDATA[Miss]]>
              </value>
            </param>
            <param index="8">
              <value>
                <![CDATA[xyz]]>
              </value>
            </param>
            <param index="9">
              <value>
                <![CDATA[mno]]>
              </value>
            </param>
            <param index="10">
              <value>
                <![CDATA[23]]>
              </value>
            </param>
            <param index="11">
              <value>
                <![CDATA[Feb]]>
              </value>
            </param>
            <param index="12">
              <value>
                <![CDATA[2016]]>
              </value>
            </param>
            <param index="13">
              <value>
                <![CDATA[Mstr]]>
              </value>
            </param>
            <param index="14">
              <value>
                <![CDATA[abc]]>
              </value>
            </param>
            <param index="15">
              <value>
                <![CDATA[xyz]]>
              </value>
            </param>
            <param index="16">
              <value>
                <![CDATA[20]]>
              </value>
            </param>
            <param index="17">
              <value>
                <![CDATA[Jan]]>
              </value>
            </param>
            <param index="18">
              <value>
                <![CDATA[2018]]>
              </value>
            </param>
            <param index="19">
              <value>
                <![CDATA[9987616272]]>
              </value>
            </param>
            <param index="20">
              <value>
                <![CDATA[123445677656]]>
              </value>
            </param>
            <param index="21">
              <value>
                <![CDATA[11]]>
              </value>
            </param>
            <param index="22">
              <value>
                <![CDATA[2020]]>
              </value>
            </param>
            <param index="23">
              <value>
                <![CDATA[abc]]>
              </value>
            </param>
            <param index="24">
              <value>
                <![CDATA[344]]>
              </value>
            </param>
            <param index="25">
              <value>
                <![CDATA[Ind]]>
              </value>
            </param>
          </params>
          <reporter-output>
          </reporter-output>
        </test-method> <!-- payment2Test -->
        <test-method status="PASS" signature="afterTest()[pri:0, instance:integration.RoundTripAndPaymentIntegration@75f32542]" name="afterTest" is-config="true" duration-ms="1" started-at="2019-01-25T21:00:10Z" finished-at="2019-01-25T21:00:10Z">
          <reporter-output>
          </reporter-output>
        </test-method> <!-- afterTest -->
      </class> <!-- integration.RoundTripAndPaymentIntegration -->
    </test> <!-- Default test -->
  </suite> <!-- Default suite -->
</testng-results>
